{"C:\\Users\\hanna\\Desktop\\Movieapp\\App.js": {"path":"C:\\Users\\hanna\\Desktop\\Movieapp\\App.js","statementMap":{"0":{"start":{"line":15,"column":14},"end":{"line":15,"column":36}},"1":{"start":{"line":16,"column":12},"end":{"line":72,"column":1}},"2":{"start":{"line":17,"column":2},"end":{"line":71,"column":18}}},"fnMap":{"0":{"name":"(anonymous_0)","decl":{"start":{"line":16,"column":12},"end":{"line":16,"column":13}},"loc":{"start":{"line":17,"column":2},"end":{"line":71,"column":18}},"line":17}},"branchMap":{},"s":{"0":0,"1":0,"2":0},"f":{"0":0},"b":{}}
,"C:\\Users\\hanna\\Desktop\\Movieapp\\databaseQueries.js": {"path":"C:\\Users\\hanna\\Desktop\\Movieapp\\databaseQueries.js","statementMap":{"0":{"start":{"line":5,"column":0},"end":{"line":9,"column":3}}},"fnMap":{},"branchMap":{},"s":{"0":0},"f":{},"b":{}}
,"C:\\Users\\hanna\\Desktop\\Movieapp\\react-router.native.js": {"path":"C:\\Users\\hanna\\Desktop\\Movieapp\\react-router.native.js","statementMap":{},"fnMap":{},"branchMap":{},"s":{},"f":{},"b":{}}
,"C:\\Users\\hanna\\Desktop\\Movieapp\\redux\\movieSlicer.js": {"path":"C:\\Users\\hanna\\Desktop\\Movieapp\\redux\\movieSlicer.js","statementMap":{"0":{"start":{"line":3,"column":21},"end":{"line":13,"column":1}},"1":{"start":{"line":15,"column":32},"end":{"line":65,"column":2}},"2":{"start":{"line":20,"column":6},"end":{"line":20,"column":39}},"3":{"start":{"line":23,"column":6},"end":{"line":23,"column":38}},"4":{"start":{"line":26,"column":6},"end":{"line":26,"column":39}},"5":{"start":{"line":29,"column":6},"end":{"line":29,"column":37}},"6":{"start":{"line":32,"column":17},"end":{"line":32,"column":34}},"7":{"start":{"line":33,"column":6},"end":{"line":37,"column":8}},"8":{"start":{"line":38,"column":6},"end":{"line":38,"column":28}},"9":{"start":{"line":41,"column":17},"end":{"line":41,"column":34}},"10":{"start":{"line":42,"column":6},"end":{"line":42,"column":48}},"11":{"start":{"line":45,"column":17},"end":{"line":45,"column":39}},"12":{"start":{"line":46,"column":6},"end":{"line":48,"column":57}},"13":{"start":{"line":51,"column":23},"end":{"line":51,"column":57}},"14":{"start":{"line":52,"column":6},"end":{"line":54,"column":9}},"15":{"start":{"line":53,"column":8},"end":{"line":53,"column":27}},"16":{"start":{"line":55,"column":6},"end":{"line":55,"column":33}},"17":{"start":{"line":58,"column":6},"end":{"line":58,"column":46}},"18":{"start":{"line":61,"column":6},"end":{"line":61,"column":30}},"19":{"start":{"line":62,"column":6},"end":{"line":62,"column":30}},"20":{"start":{"line":79,"column":4},"end":{"line":79,"column":28}}},"fnMap":{"0":{"name":"(anonymous_0)","decl":{"start":{"line":19,"column":18},"end":{"line":19,"column":19}},"loc":{"start":{"line":19,"column":37},"end":{"line":21,"column":5}},"line":19},"1":{"name":"(anonymous_1)","decl":{"start":{"line":22,"column":17},"end":{"line":22,"column":18}},"loc":{"start":{"line":22,"column":36},"end":{"line":24,"column":5}},"line":22},"2":{"name":"(anonymous_2)","decl":{"start":{"line":25,"column":18},"end":{"line":25,"column":19}},"loc":{"start":{"line":25,"column":37},"end":{"line":27,"column":5}},"line":25},"3":{"name":"(anonymous_3)","decl":{"start":{"line":28,"column":16},"end":{"line":28,"column":17}},"loc":{"start":{"line":28,"column":35},"end":{"line":30,"column":5}},"line":28},"4":{"name":"(anonymous_4)","decl":{"start":{"line":31,"column":21},"end":{"line":31,"column":22}},"loc":{"start":{"line":31,"column":40},"end":{"line":39,"column":5}},"line":31},"5":{"name":"(anonymous_5)","decl":{"start":{"line":40,"column":15},"end":{"line":40,"column":16}},"loc":{"start":{"line":40,"column":34},"end":{"line":43,"column":5}},"line":40},"6":{"name":"(anonymous_6)","decl":{"start":{"line":44,"column":21},"end":{"line":44,"column":22}},"loc":{"start":{"line":44,"column":40},"end":{"line":49,"column":5}},"line":44},"7":{"name":"(anonymous_7)","decl":{"start":{"line":50,"column":22},"end":{"line":50,"column":23}},"loc":{"start":{"line":50,"column":33},"end":{"line":56,"column":5}},"line":50},"8":{"name":"(anonymous_8)","decl":{"start":{"line":52,"column":20},"end":{"line":52,"column":21}},"loc":{"start":{"line":52,"column":36},"end":{"line":54,"column":7}},"line":52},"9":{"name":"(anonymous_9)","decl":{"start":{"line":57,"column":20},"end":{"line":57,"column":21}},"loc":{"start":{"line":57,"column":39},"end":{"line":59,"column":5}},"line":57},"10":{"name":"(anonymous_10)","decl":{"start":{"line":60,"column":23},"end":{"line":60,"column":24}},"loc":{"start":{"line":60,"column":34},"end":{"line":63,"column":5}},"line":60}},"branchMap":{"0":{"loc":{"start":{"line":46,"column":31},"end":{"line":48,"column":56}},"type":"cond-expr","locations":[{"start":{"line":47,"column":10},"end":{"line":47,"column":31}},{"start":{"line":48,"column":10},"end":{"line":48,"column":56}}],"line":46}},"s":{"0":10,"1":10,"2":1,"3":1,"4":1,"5":2,"6":2,"7":2,"8":2,"9":1,"10":1,"11":2,"12":2,"13":1,"14":1,"15":4,"16":1,"17":2,"18":1,"19":1,"20":10},"f":{"0":1,"1":1,"2":1,"3":2,"4":2,"5":1,"6":2,"7":1,"8":4,"9":2,"10":1},"b":{"0":[1,1]},"_coverageSchema":"1a1c01bbd47fc00a2c39e90264f33305004495a9","hash":"e3eb0bc291bf54ad3f8abbb49c37efc45f72c74f"}
,"C:\\Users\\hanna\\Desktop\\Movieapp\\redux\\store.js": {"path":"C:\\Users\\hanna\\Desktop\\Movieapp\\redux\\store.js","statementMap":{"0":{"start":{"line":4,"column":14},"end":{"line":8,"column":2}}},"fnMap":{},"branchMap":{},"s":{"0":0},"f":{},"b":{}}
,"C:\\Users\\hanna\\Desktop\\Movieapp\\styles\\colors.js": {"path":"C:\\Users\\hanna\\Desktop\\Movieapp\\styles\\colors.js","statementMap":{"0":{"start":{"line":1,"column":21},"end":{"line":1,"column":30}},"1":{"start":{"line":2,"column":21},"end":{"line":2,"column":30}},"2":{"start":{"line":5,"column":27},"end":{"line":5,"column":36}},"3":{"start":{"line":6,"column":28},"end":{"line":6,"column":37}},"4":{"start":{"line":8,"column":27},"end":{"line":8,"column":36}},"5":{"start":{"line":9,"column":22},"end":{"line":9,"column":31}},"6":{"start":{"line":10,"column":28},"end":{"line":10,"column":37}}},"fnMap":{},"branchMap":{},"s":{"0":9,"1":9,"2":9,"3":9,"4":9,"5":9,"6":9},"f":{},"b":{},"_coverageSchema":"1a1c01bbd47fc00a2c39e90264f33305004495a9","hash":"17ddc36cc81886463451387cd0f4fb555e95d9a8"}
,"C:\\Users\\hanna\\Desktop\\Movieapp\\utils\\fetch.js": {"path":"C:\\Users\\hanna\\Desktop\\Movieapp\\utils\\fetch.js","statementMap":{"0":{"start":{"line":2,"column":2},"end":{"line":2,"column":108}},"1":{"start":{"line":5,"column":2},"end":{"line":5,"column":105}},"2":{"start":{"line":7,"column":24},"end":{"line":23,"column":1}},"3":{"start":{"line":8,"column":15},"end":{"line":8,"column":17}},"4":{"start":{"line":9,"column":2},"end":{"line":22,"column":3}},"5":{"start":{"line":10,"column":4},"end":{"line":18,"column":5}},"6":{"start":{"line":10,"column":17},"end":{"line":10,"column":18}},"7":{"start":{"line":11,"column":19},"end":{"line":11,"column":24}},"8":{"start":{"line":12,"column":23},"end":{"line":12,"column":58}},"9":{"start":{"line":13,"column":19},"end":{"line":13,"column":40}},"10":{"start":{"line":14,"column":25},"end":{"line":14,"column":43}},"11":{"start":{"line":15,"column":6},"end":{"line":17,"column":9}},"12":{"start":{"line":16,"column":8},"end":{"line":16,"column":23}},"13":{"start":{"line":19,"column":4},"end":{"line":19,"column":27}},"14":{"start":{"line":21,"column":4},"end":{"line":21,"column":23}},"15":{"start":{"line":25,"column":26},"end":{"line":35,"column":1}},"16":{"start":{"line":26,"column":2},"end":{"line":34,"column":3}},"17":{"start":{"line":27,"column":21},"end":{"line":29,"column":5}},"18":{"start":{"line":30,"column":17},"end":{"line":30,"column":38}},"19":{"start":{"line":31,"column":4},"end":{"line":31,"column":31}},"20":{"start":{"line":33,"column":4},"end":{"line":33,"column":23}}},"fnMap":{"0":{"name":"(anonymous_0)","decl":{"start":{"line":7,"column":24},"end":{"line":7,"column":25}},"loc":{"start":{"line":7,"column":57},"end":{"line":23,"column":1}},"line":7},"1":{"name":"(anonymous_1)","decl":{"start":{"line":15,"column":27},"end":{"line":15,"column":28}},"loc":{"start":{"line":15,"column":34},"end":{"line":17,"column":7}},"line":15},"2":{"name":"(anonymous_2)","decl":{"start":{"line":25,"column":26},"end":{"line":25,"column":27}},"loc":{"start":{"line":25,"column":61},"end":{"line":35,"column":1}},"line":25}},"branchMap":{},"s":{"0":5,"1":5,"2":5,"3":0,"4":0,"5":0,"6":0,"7":0,"8":0,"9":0,"10":0,"11":0,"12":0,"13":0,"14":0,"15":5,"16":0,"17":0,"18":0,"19":0,"20":0},"f":{"0":0,"1":0,"2":0},"b":{},"_coverageSchema":"1a1c01bbd47fc00a2c39e90264f33305004495a9","hash":"af04a4f73138c7212a59f66548b8ee86353d0c0f"}
,"C:\\Users\\hanna\\Desktop\\Movieapp\\utils\\firebase.js": {"path":"C:\\Users\\hanna\\Desktop\\Movieapp\\utils\\firebase.js","statementMap":{"0":{"start":{"line":21,"column":23},"end":{"line":29,"column":1}},"1":{"start":{"line":32,"column":12},"end":{"line":32,"column":41}},"2":{"start":{"line":35,"column":11},"end":{"line":35,"column":25}},"3":{"start":{"line":37,"column":17},"end":{"line":37,"column":40}},"4":{"start":{"line":41,"column":15},"end":{"line":43,"column":3}},"5":{"start":{"line":44,"column":2},"end":{"line":44,"column":31}},"6":{"start":{"line":48,"column":12},"end":{"line":48,"column":58}},"7":{"start":{"line":49,"column":12},"end":{"line":49,"column":28}},"8":{"start":{"line":50,"column":2},"end":{"line":50,"column":21}},"9":{"start":{"line":54,"column":15},"end":{"line":56,"column":3}},"10":{"start":{"line":57,"column":17},"end":{"line":59,"column":3}},"11":{"start":{"line":60,"column":2},"end":{"line":60,"column":57}},"12":{"start":{"line":61,"column":2},"end":{"line":61,"column":53}},"13":{"start":{"line":65,"column":15},"end":{"line":67,"column":3}},"14":{"start":{"line":68,"column":2},"end":{"line":68,"column":74}},"15":{"start":{"line":72,"column":12},"end":{"line":72,"column":40}},"16":{"start":{"line":75,"column":2},"end":{"line":77,"column":5}},"17":{"start":{"line":76,"column":4},"end":{"line":76,"column":24}},"18":{"start":{"line":78,"column":2},"end":{"line":78,"column":31}},"19":{"start":{"line":82,"column":15},"end":{"line":84,"column":3}},"20":{"start":{"line":85,"column":2},"end":{"line":85,"column":74}},"21":{"start":{"line":89,"column":12},"end":{"line":89,"column":46}},"22":{"start":{"line":91,"column":2},"end":{"line":93,"column":5}},"23":{"start":{"line":92,"column":4},"end":{"line":92,"column":25}},"24":{"start":{"line":94,"column":2},"end":{"line":94,"column":32}}},"fnMap":{"0":{"name":"addUser","decl":{"start":{"line":40,"column":22},"end":{"line":40,"column":29}},"loc":{"start":{"line":40,"column":36},"end":{"line":45,"column":1}},"line":40},"1":{"name":"checkIfUserExists","decl":{"start":{"line":47,"column":22},"end":{"line":47,"column":39}},"loc":{"start":{"line":47,"column":46},"end":{"line":51,"column":1}},"line":47},"2":{"name":"addSession","decl":{"start":{"line":53,"column":22},"end":{"line":53,"column":32}},"loc":{"start":{"line":53,"column":61},"end":{"line":62,"column":1}},"line":53},"3":{"name":"addParticipant","decl":{"start":{"line":64,"column":22},"end":{"line":64,"column":36}},"loc":{"start":{"line":64,"column":58},"end":{"line":69,"column":1}},"line":64},"4":{"name":"getNmbOfMovies","decl":{"start":{"line":71,"column":22},"end":{"line":71,"column":36}},"loc":{"start":{"line":71,"column":64},"end":{"line":79,"column":1}},"line":71},"5":{"name":"(anonymous_5)","decl":{"start":{"line":75,"column":23},"end":{"line":75,"column":24}},"loc":{"start":{"line":75,"column":32},"end":{"line":77,"column":3}},"line":75},"6":{"name":"updateRatings","decl":{"start":{"line":81,"column":22},"end":{"line":81,"column":35}},"loc":{"start":{"line":81,"column":66},"end":{"line":86,"column":1}},"line":81},"7":{"name":"getRatings","decl":{"start":{"line":88,"column":22},"end":{"line":88,"column":32}},"loc":{"start":{"line":88,"column":60},"end":{"line":95,"column":1}},"line":88},"8":{"name":"(anonymous_8)","decl":{"start":{"line":91,"column":23},"end":{"line":91,"column":24}},"loc":{"start":{"line":91,"column":32},"end":{"line":93,"column":3}},"line":91}},"branchMap":{},"s":{"0":4,"1":4,"2":4,"3":4,"4":0,"5":0,"6":0,"7":0,"8":0,"9":0,"10":0,"11":0,"12":0,"13":0,"14":0,"15":0,"16":0,"17":0,"18":0,"19":0,"20":0,"21":0,"22":0,"23":0,"24":0},"f":{"0":0,"1":0,"2":0,"3":0,"4":0,"5":0,"6":0,"7":0,"8":0},"b":{},"_coverageSchema":"1a1c01bbd47fc00a2c39e90264f33305004495a9","hash":"410a4fbfaacf41d6ec1a4365e44cc2aa584ec247"}
,"C:\\Users\\hanna\\Desktop\\Movieapp\\utils\\movieListFixture.js": {"path":"C:\\Users\\hanna\\Desktop\\Movieapp\\utils\\movieListFixture.js","statementMap":{"0":{"start":{"line":4,"column":28},"end":{"line":14,"column":1}},"1":{"start":{"line":16,"column":15},"end":{"line":41,"column":3}},"2":{"start":{"line":43,"column":27},"end":{"line":60,"column":4}},"3":{"start":{"line":62,"column":33},"end":{"line":81,"column":3}},"4":{"start":{"line":82,"column":33},"end":{"line":107,"column":3}}},"fnMap":{},"branchMap":{},"s":{"0":10,"1":10,"2":10,"3":10,"4":10},"f":{},"b":{},"_coverageSchema":"1a1c01bbd47fc00a2c39e90264f33305004495a9","hash":"a4fa1a9a9397fcc17c9b52dfa6b445c0aa5ddeeb"}
}
