{"C:\\Users\\hanna\\Desktop\\Movieapp\\App.js": {"path":"C:\\Users\\hanna\\Desktop\\Movieapp\\App.js","statementMap":{"0":{"start":{"line":17,"column":14},"end":{"line":17,"column":36}},"1":{"start":{"line":18,"column":12},"end":{"line":83,"column":1}},"2":{"start":{"line":19,"column":2},"end":{"line":82,"column":18}}},"fnMap":{"0":{"name":"(anonymous_0)","decl":{"start":{"line":18,"column":12},"end":{"line":18,"column":13}},"loc":{"start":{"line":19,"column":2},"end":{"line":82,"column":18}},"line":19}},"branchMap":{},"s":{"0":0,"1":0,"2":0},"f":{"0":0},"b":{}}
,"C:\\Users\\hanna\\Desktop\\Movieapp\\databaseQueries.js": {"path":"C:\\Users\\hanna\\Desktop\\Movieapp\\databaseQueries.js","statementMap":{"0":{"start":{"line":5,"column":0},"end":{"line":9,"column":3}}},"fnMap":{},"branchMap":{},"s":{"0":0},"f":{},"b":{}}
,"C:\\Users\\hanna\\Desktop\\Movieapp\\firebase.js": {"path":"C:\\Users\\hanna\\Desktop\\Movieapp\\firebase.js","statementMap":{"0":{"start":{"line":23,"column":23},"end":{"line":31,"column":1}},"1":{"start":{"line":34,"column":12},"end":{"line":34,"column":41}},"2":{"start":{"line":35,"column":18},"end":{"line":35,"column":35}},"3":{"start":{"line":37,"column":11},"end":{"line":37,"column":25}},"4":{"start":{"line":39,"column":17},"end":{"line":39,"column":40}},"5":{"start":{"line":40,"column":20},"end":{"line":40,"column":46}},"6":{"start":{"line":43,"column":15},"end":{"line":45,"column":3}},"7":{"start":{"line":46,"column":2},"end":{"line":46,"column":31}},"8":{"start":{"line":50,"column":12},"end":{"line":50,"column":58}},"9":{"start":{"line":51,"column":12},"end":{"line":51,"column":28}},"10":{"start":{"line":52,"column":2},"end":{"line":52,"column":21}},"11":{"start":{"line":56,"column":15},"end":{"line":58,"column":3}},"12":{"start":{"line":59,"column":2},"end":{"line":59,"column":48}},"13":{"start":{"line":63,"column":15},"end":{"line":65,"column":3}},"14":{"start":{"line":66,"column":2},"end":{"line":66,"column":66}},"15":{"start":{"line":71,"column":15},"end":{"line":73,"column":3}},"16":{"start":{"line":74,"column":2},"end":{"line":74,"column":66}},"17":{"start":{"line":78,"column":12},"end":{"line":78,"column":38}},"18":{"start":{"line":80,"column":2},"end":{"line":82,"column":5}},"19":{"start":{"line":81,"column":4},"end":{"line":81,"column":27}},"20":{"start":{"line":83,"column":2},"end":{"line":83,"column":26}}},"fnMap":{"0":{"name":"addUser","decl":{"start":{"line":42,"column":22},"end":{"line":42,"column":29}},"loc":{"start":{"line":42,"column":36},"end":{"line":47,"column":1}},"line":42},"1":{"name":"checkIfUserExists","decl":{"start":{"line":49,"column":22},"end":{"line":49,"column":39}},"loc":{"start":{"line":49,"column":46},"end":{"line":53,"column":1}},"line":49},"2":{"name":"addSession","decl":{"start":{"line":55,"column":22},"end":{"line":55,"column":32}},"loc":{"start":{"line":55,"column":47},"end":{"line":60,"column":1}},"line":55},"3":{"name":"addParticipant","decl":{"start":{"line":62,"column":22},"end":{"line":62,"column":36}},"loc":{"start":{"line":62,"column":54},"end":{"line":68,"column":1}},"line":62},"4":{"name":"updateRatings","decl":{"start":{"line":70,"column":22},"end":{"line":70,"column":35}},"loc":{"start":{"line":70,"column":62},"end":{"line":75,"column":1}},"line":70},"5":{"name":"getRatings","decl":{"start":{"line":77,"column":22},"end":{"line":77,"column":32}},"loc":{"start":{"line":77,"column":56},"end":{"line":84,"column":1}},"line":77},"6":{"name":"(anonymous_6)","decl":{"start":{"line":80,"column":23},"end":{"line":80,"column":24}},"loc":{"start":{"line":80,"column":32},"end":{"line":82,"column":3}},"line":80}},"branchMap":{},"s":{"0":0,"1":0,"2":0,"3":0,"4":0,"5":0,"6":0,"7":0,"8":0,"9":0,"10":0,"11":0,"12":0,"13":0,"14":0,"15":0,"16":0,"17":0,"18":0,"19":0,"20":0},"f":{"0":0,"1":0,"2":0,"3":0,"4":0,"5":0,"6":0},"b":{}}
,"C:\\Users\\hanna\\Desktop\\Movieapp\\react-router.js": {"path":"C:\\Users\\hanna\\Desktop\\Movieapp\\react-router.js","statementMap":{},"fnMap":{},"branchMap":{},"s":{},"f":{},"b":{}}
,"C:\\Users\\hanna\\Desktop\\Movieapp\\react-router.native.js": {"path":"C:\\Users\\hanna\\Desktop\\Movieapp\\react-router.native.js","statementMap":{},"fnMap":{},"branchMap":{},"s":{},"f":{},"b":{}}
,"C:\\Users\\hanna\\Desktop\\Movieapp\\server.js": {"path":"C:\\Users\\hanna\\Desktop\\Movieapp\\server.js","statementMap":{},"fnMap":{},"branchMap":{},"s":{},"f":{},"b":{}}
,"C:\\Users\\hanna\\Desktop\\Movieapp\\Screens\\CreateOrJoinScreen.js": {"path":"C:\\Users\\hanna\\Desktop\\Movieapp\\Screens\\CreateOrJoinScreen.js","statementMap":{"0":{"start":{"line":8,"column":19},"end":{"line":8,"column":32}},"1":{"start":{"line":9,"column":22},"end":{"line":12,"column":3}},"2":{"start":{"line":10,"column":4},"end":{"line":10,"column":48}},"3":{"start":{"line":11,"column":4},"end":{"line":11,"column":31}},"4":{"start":{"line":14,"column":2},"end":{"line":29,"column":4}},"5":{"start":{"line":17,"column":56},"end":{"line":17,"column":77}},"6":{"start":{"line":23,"column":25},"end":{"line":23,"column":44}},"7":{"start":{"line":32,"column":15},"end":{"line":54,"column":2}}},"fnMap":{"0":{"name":"CreateOrJoinScreen","decl":{"start":{"line":7,"column":24},"end":{"line":7,"column":42}},"loc":{"start":{"line":7,"column":59},"end":{"line":30,"column":1}},"line":7},"1":{"name":"(anonymous_1)","decl":{"start":{"line":9,"column":22},"end":{"line":9,"column":23}},"loc":{"start":{"line":9,"column":32},"end":{"line":12,"column":3}},"line":9},"2":{"name":"(anonymous_2)","decl":{"start":{"line":17,"column":50},"end":{"line":17,"column":51}},"loc":{"start":{"line":17,"column":56},"end":{"line":17,"column":77}},"line":17},"3":{"name":"(anonymous_3)","decl":{"start":{"line":23,"column":19},"end":{"line":23,"column":20}},"loc":{"start":{"line":23,"column":25},"end":{"line":23,"column":44}},"line":23}},"branchMap":{},"s":{"0":0,"1":0,"2":0,"3":0,"4":0,"5":0,"6":0,"7":0},"f":{"0":0,"1":0,"2":0,"3":0},"b":{}}
,"C:\\Users\\hanna\\Desktop\\Movieapp\\Screens\\RatingScreen.js": {"path":"C:\\Users\\hanna\\Desktop\\Movieapp\\Screens\\RatingScreen.js","statementMap":{"0":{"start":{"line":18,"column":21},"end":{"line":62,"column":1}},"1":{"start":{"line":19,"column":60},"end":{"line":21,"column":3}},"2":{"start":{"line":20,"column":15},"end":{"line":20,"column":33}},"3":{"start":{"line":23,"column":19},"end":{"line":23,"column":32}},"4":{"start":{"line":25,"column":25},"end":{"line":28,"column":3}},"5":{"start":{"line":26,"column":4},"end":{"line":26,"column":62}},"6":{"start":{"line":26,"column":32},"end":{"line":26,"column":60}},"7":{"start":{"line":27,"column":4},"end":{"line":27,"column":32}},"8":{"start":{"line":30,"column":23},"end":{"line":34,"column":3}},"9":{"start":{"line":31,"column":4},"end":{"line":31,"column":48}},"10":{"start":{"line":32,"column":4},"end":{"line":32,"column":31}},"11":{"start":{"line":33,"column":4},"end":{"line":33,"column":40}},"12":{"start":{"line":36,"column":2},"end":{"line":38,"column":9}},"13":{"start":{"line":37,"column":4},"end":{"line":37,"column":29}},"14":{"start":{"line":40,"column":2},"end":{"line":61,"column":4}},"15":{"start":{"line":51,"column":12},"end":{"line":51,"column":42}},"16":{"start":{"line":56,"column":54},"end":{"line":56,"column":68}},"17":{"start":{"line":64,"column":15},"end":{"line":91,"column":2}}},"fnMap":{"0":{"name":"(anonymous_0)","decl":{"start":{"line":18,"column":21},"end":{"line":18,"column":22}},"loc":{"start":{"line":18,"column":41},"end":{"line":62,"column":1}},"line":18},"1":{"name":"(anonymous_1)","decl":{"start":{"line":20,"column":4},"end":{"line":20,"column":5}},"loc":{"start":{"line":20,"column":15},"end":{"line":20,"column":33}},"line":20},"2":{"name":"(anonymous_2)","decl":{"start":{"line":25,"column":25},"end":{"line":25,"column":26}},"loc":{"start":{"line":25,"column":39},"end":{"line":28,"column":3}},"line":25},"3":{"name":"(anonymous_3)","decl":{"start":{"line":26,"column":25},"end":{"line":26,"column":26}},"loc":{"start":{"line":26,"column":32},"end":{"line":26,"column":60}},"line":26},"4":{"name":"(anonymous_4)","decl":{"start":{"line":30,"column":23},"end":{"line":30,"column":24}},"loc":{"start":{"line":30,"column":29},"end":{"line":34,"column":3}},"line":30},"5":{"name":"(anonymous_5)","decl":{"start":{"line":36,"column":12},"end":{"line":36,"column":13}},"loc":{"start":{"line":36,"column":18},"end":{"line":38,"column":3}},"line":36},"6":{"name":"(anonymous_6)","decl":{"start":{"line":50,"column":38},"end":{"line":50,"column":39}},"loc":{"start":{"line":51,"column":12},"end":{"line":51,"column":42}},"line":51},"7":{"name":"(anonymous_7)","decl":{"start":{"line":56,"column":48},"end":{"line":56,"column":49}},"loc":{"start":{"line":56,"column":54},"end":{"line":56,"column":68}},"line":56}},"branchMap":{"0":{"loc":{"start":{"line":42,"column":7},"end":{"line":54,"column":7}},"type":"cond-expr","locations":[{"start":{"line":43,"column":8},"end":{"line":47,"column":10}},{"start":{"line":49,"column":8},"end":{"line":53,"column":21}}],"line":42}},"s":{"0":0,"1":0,"2":0,"3":0,"4":0,"5":0,"6":0,"7":0,"8":0,"9":0,"10":0,"11":0,"12":0,"13":0,"14":0,"15":0,"16":0,"17":0},"f":{"0":0,"1":0,"2":0,"3":0,"4":0,"5":0,"6":0,"7":0},"b":{"0":[0,0]}}
,"C:\\Users\\hanna\\Desktop\\Movieapp\\Screens\\ResultsScreen.js": {"path":"C:\\Users\\hanna\\Desktop\\Movieapp\\Screens\\ResultsScreen.js","statementMap":{"0":{"start":{"line":18,"column":57},"end":{"line":20,"column":3}},"1":{"start":{"line":19,"column":15},"end":{"line":19,"column":33}},"2":{"start":{"line":22,"column":19},"end":{"line":22,"column":32}},"3":{"start":{"line":24,"column":22},"end":{"line":28,"column":3}},"4":{"start":{"line":25,"column":4},"end":{"line":25,"column":31}},"5":{"start":{"line":26,"column":4},"end":{"line":26,"column":32}},"6":{"start":{"line":27,"column":4},"end":{"line":27,"column":42}},"7":{"start":{"line":30,"column":25},"end":{"line":42,"column":3}},"8":{"start":{"line":31,"column":4},"end":{"line":31,"column":34}},"9":{"start":{"line":32,"column":4},"end":{"line":39,"column":5}},"10":{"start":{"line":33,"column":24},"end":{"line":33,"column":38}},"11":{"start":{"line":34,"column":6},"end":{"line":34,"column":37}},"12":{"start":{"line":35,"column":6},"end":{"line":38,"column":7}},"13":{"start":{"line":36,"column":21},"end":{"line":36,"column":41}},"14":{"start":{"line":37,"column":8},"end":{"line":37,"column":72}},"15":{"start":{"line":40,"column":4},"end":{"line":40,"column":33}},"16":{"start":{"line":41,"column":4},"end":{"line":41,"column":32}},"17":{"start":{"line":44,"column":2},"end":{"line":46,"column":9}},"18":{"start":{"line":45,"column":4},"end":{"line":45,"column":42}},"19":{"start":{"line":48,"column":2},"end":{"line":72,"column":4}},"20":{"start":{"line":52,"column":56},"end":{"line":52,"column":69}},"21":{"start":{"line":59,"column":16},"end":{"line":59,"column":48}},"22":{"start":{"line":66,"column":25},"end":{"line":66,"column":66}},"23":{"start":{"line":75,"column":15},"end":{"line":94,"column":2}}},"fnMap":{"0":{"name":"ResultScreen","decl":{"start":{"line":17,"column":24},"end":{"line":17,"column":36}},"loc":{"start":{"line":17,"column":53},"end":{"line":73,"column":1}},"line":17},"1":{"name":"(anonymous_1)","decl":{"start":{"line":19,"column":4},"end":{"line":19,"column":5}},"loc":{"start":{"line":19,"column":15},"end":{"line":19,"column":33}},"line":19},"2":{"name":"(anonymous_2)","decl":{"start":{"line":24,"column":22},"end":{"line":24,"column":23}},"loc":{"start":{"line":24,"column":28},"end":{"line":28,"column":3}},"line":24},"3":{"name":"(anonymous_3)","decl":{"start":{"line":30,"column":25},"end":{"line":30,"column":26}},"loc":{"start":{"line":30,"column":39},"end":{"line":42,"column":3}},"line":30},"4":{"name":"(anonymous_4)","decl":{"start":{"line":44,"column":12},"end":{"line":44,"column":13}},"loc":{"start":{"line":44,"column":18},"end":{"line":46,"column":3}},"line":44},"5":{"name":"(anonymous_5)","decl":{"start":{"line":52,"column":50},"end":{"line":52,"column":51}},"loc":{"start":{"line":52,"column":56},"end":{"line":52,"column":69}},"line":52},"6":{"name":"(anonymous_6)","decl":{"start":{"line":58,"column":29},"end":{"line":58,"column":30}},"loc":{"start":{"line":59,"column":16},"end":{"line":59,"column":48}},"line":59},"7":{"name":"(anonymous_7)","decl":{"start":{"line":66,"column":19},"end":{"line":66,"column":20}},"loc":{"start":{"line":66,"column":25},"end":{"line":66,"column":66}},"line":66}},"branchMap":{"0":{"loc":{"start":{"line":55,"column":9},"end":{"line":63,"column":9}},"type":"binary-expr","locations":[{"start":{"line":55,"column":9},"end":{"line":55,"column":29}},{"start":{"line":56,"column":10},"end":{"line":62,"column":17}}],"line":55}},"s":{"0":0,"1":0,"2":0,"3":0,"4":0,"5":0,"6":0,"7":0,"8":0,"9":0,"10":0,"11":0,"12":0,"13":0,"14":0,"15":0,"16":0,"17":0,"18":0,"19":0,"20":0,"21":0,"22":0,"23":0},"f":{"0":0,"1":0,"2":0,"3":0,"4":0,"5":0,"6":0,"7":0},"b":{"0":[0,0]}}
,"C:\\Users\\hanna\\Desktop\\Movieapp\\Screens\\CreatorScreens\\CreateSessionScreen.js": {"path":"C:\\Users\\hanna\\Desktop\\Movieapp\\Screens\\CreatorScreens\\CreateSessionScreen.js","statementMap":{"0":{"start":{"line":15,"column":39},"end":{"line":15,"column":51}},"1":{"start":{"line":16,"column":41},"end":{"line":16,"column":53}},"2":{"start":{"line":17,"column":36},"end":{"line":17,"column":51}},"3":{"start":{"line":19,"column":19},"end":{"line":19,"column":32}},"4":{"start":{"line":21,"column":24},"end":{"line":36,"column":3}},"5":{"start":{"line":22,"column":4},"end":{"line":22,"column":38}},"6":{"start":{"line":25,"column":4},"end":{"line":35,"column":5}},"7":{"start":{"line":26,"column":6},"end":{"line":26,"column":38}},"8":{"start":{"line":29,"column":6},"end":{"line":29,"column":41}},"9":{"start":{"line":30,"column":6},"end":{"line":30,"column":39}},"10":{"start":{"line":31,"column":6},"end":{"line":31,"column":42}},"11":{"start":{"line":32,"column":6},"end":{"line":32,"column":33}},"12":{"start":{"line":34,"column":6},"end":{"line":34,"column":25}},"13":{"start":{"line":37,"column":30},"end":{"line":40,"column":3}},"14":{"start":{"line":38,"column":4},"end":{"line":38,"column":24}},"15":{"start":{"line":39,"column":4},"end":{"line":39,"column":26}},"16":{"start":{"line":42,"column":2},"end":{"line":65,"column":4}},"17":{"start":{"line":48,"column":31},"end":{"line":48,"column":55}},"18":{"start":{"line":56,"column":31},"end":{"line":56,"column":53}},"19":{"start":{"line":61,"column":54},"end":{"line":61,"column":69}},"20":{"start":{"line":68,"column":15},"end":{"line":87,"column":2}}},"fnMap":{"0":{"name":"CreateSessionScreen","decl":{"start":{"line":14,"column":24},"end":{"line":14,"column":43}},"loc":{"start":{"line":14,"column":60},"end":{"line":66,"column":1}},"line":14},"1":{"name":"(anonymous_1)","decl":{"start":{"line":21,"column":24},"end":{"line":21,"column":25}},"loc":{"start":{"line":21,"column":30},"end":{"line":36,"column":3}},"line":21},"2":{"name":"(anonymous_2)","decl":{"start":{"line":37,"column":30},"end":{"line":37,"column":31}},"loc":{"start":{"line":37,"column":39},"end":{"line":40,"column":3}},"line":37},"3":{"name":"(anonymous_3)","decl":{"start":{"line":48,"column":22},"end":{"line":48,"column":23}},"loc":{"start":{"line":48,"column":31},"end":{"line":48,"column":55}},"line":48},"4":{"name":"(anonymous_4)","decl":{"start":{"line":56,"column":22},"end":{"line":56,"column":23}},"loc":{"start":{"line":56,"column":31},"end":{"line":56,"column":53}},"line":56},"5":{"name":"(anonymous_5)","decl":{"start":{"line":61,"column":48},"end":{"line":61,"column":49}},"loc":{"start":{"line":61,"column":54},"end":{"line":61,"column":69}},"line":61}},"branchMap":{"0":{"loc":{"start":{"line":25,"column":4},"end":{"line":35,"column":5}},"type":"if","locations":[{"start":{"line":25,"column":4},"end":{"line":35,"column":5}},{"start":{"line":33,"column":11},"end":{"line":35,"column":5}}],"line":25}},"s":{"0":0,"1":0,"2":0,"3":0,"4":0,"5":0,"6":0,"7":0,"8":0,"9":0,"10":0,"11":0,"12":0,"13":0,"14":0,"15":0,"16":0,"17":0,"18":0,"19":0,"20":0},"f":{"0":0,"1":0,"2":0,"3":0,"4":0,"5":0},"b":{"0":[0,0]}}
,"C:\\Users\\hanna\\Desktop\\Movieapp\\Screens\\CreatorScreens\\WaitingScreen.js": {"path":"C:\\Users\\hanna\\Desktop\\Movieapp\\Screens\\CreatorScreens\\WaitingScreen.js","statementMap":{"0":{"start":{"line":16,"column":24},"end":{"line":16,"column":66}},"1":{"start":{"line":16,"column":47},"end":{"line":16,"column":65}},"2":{"start":{"line":18,"column":19},"end":{"line":18,"column":32}},"3":{"start":{"line":20,"column":25},"end":{"line":28,"column":3}},"4":{"start":{"line":21,"column":4},"end":{"line":27,"column":5}},"5":{"start":{"line":22,"column":24},"end":{"line":22,"column":38}},"6":{"start":{"line":23,"column":6},"end":{"line":26,"column":7}},"7":{"start":{"line":24,"column":21},"end":{"line":24,"column":41}},"8":{"start":{"line":25,"column":8},"end":{"line":25,"column":72}},"9":{"start":{"line":30,"column":22},"end":{"line":33,"column":3}},"10":{"start":{"line":31,"column":4},"end":{"line":31,"column":42}},"11":{"start":{"line":32,"column":4},"end":{"line":32,"column":40}},"12":{"start":{"line":35,"column":2},"end":{"line":42,"column":4}},"13":{"start":{"line":38,"column":54},"end":{"line":38,"column":67}},"14":{"start":{"line":45,"column":15},"end":{"line":64,"column":2}}},"fnMap":{"0":{"name":"WaitingScreen","decl":{"start":{"line":15,"column":24},"end":{"line":15,"column":37}},"loc":{"start":{"line":15,"column":54},"end":{"line":43,"column":1}},"line":15},"1":{"name":"(anonymous_1)","decl":{"start":{"line":16,"column":36},"end":{"line":16,"column":37}},"loc":{"start":{"line":16,"column":47},"end":{"line":16,"column":65}},"line":16},"2":{"name":"(anonymous_2)","decl":{"start":{"line":20,"column":25},"end":{"line":20,"column":26}},"loc":{"start":{"line":20,"column":39},"end":{"line":28,"column":3}},"line":20},"3":{"name":"(anonymous_3)","decl":{"start":{"line":30,"column":22},"end":{"line":30,"column":23}},"loc":{"start":{"line":30,"column":28},"end":{"line":33,"column":3}},"line":30},"4":{"name":"(anonymous_4)","decl":{"start":{"line":38,"column":48},"end":{"line":38,"column":49}},"loc":{"start":{"line":38,"column":54},"end":{"line":38,"column":67}},"line":38}},"branchMap":{},"s":{"0":0,"1":0,"2":0,"3":0,"4":0,"5":0,"6":0,"7":0,"8":0,"9":0,"10":0,"11":0,"12":0,"13":0,"14":0},"f":{"0":0,"1":0,"2":0,"3":0,"4":0},"b":{}}
,"C:\\Users\\hanna\\Desktop\\Movieapp\\Screens\\ParticipantScreens\\FinishedScreen.js": {"path":"C:\\Users\\hanna\\Desktop\\Movieapp\\Screens\\ParticipantScreens\\FinishedScreen.js","statementMap":{"0":{"start":{"line":6,"column":2},"end":{"line":15,"column":4}},"1":{"start":{"line":10,"column":23},"end":{"line":10,"column":64}},"2":{"start":{"line":18,"column":15},"end":{"line":35,"column":2}}},"fnMap":{"0":{"name":"FinishedScreen","decl":{"start":{"line":5,"column":24},"end":{"line":5,"column":38}},"loc":{"start":{"line":5,"column":55},"end":{"line":16,"column":1}},"line":5},"1":{"name":"(anonymous_1)","decl":{"start":{"line":10,"column":17},"end":{"line":10,"column":18}},"loc":{"start":{"line":10,"column":23},"end":{"line":10,"column":64}},"line":10}},"branchMap":{},"s":{"0":0,"1":0,"2":0},"f":{"0":0,"1":0},"b":{}}
,"C:\\Users\\hanna\\Desktop\\Movieapp\\Screens\\ParticipantScreens\\JoinSessionScreen.js": {"path":"C:\\Users\\hanna\\Desktop\\Movieapp\\Screens\\ParticipantScreens\\JoinSessionScreen.js","statementMap":{"0":{"start":{"line":10,"column":28},"end":{"line":10,"column":40}},"1":{"start":{"line":11,"column":39},"end":{"line":11,"column":51}},"2":{"start":{"line":12,"column":36},"end":{"line":12,"column":51}},"3":{"start":{"line":13,"column":42},"end":{"line":13,"column":57}},"4":{"start":{"line":15,"column":19},"end":{"line":15,"column":32}},"5":{"start":{"line":17,"column":23},"end":{"line":39,"column":3}},"6":{"start":{"line":19,"column":26},"end":{"line":19,"column":30}},"7":{"start":{"line":20,"column":25},"end":{"line":20,"column":29}},"8":{"start":{"line":21,"column":4},"end":{"line":38,"column":5}},"9":{"start":{"line":22,"column":6},"end":{"line":27,"column":7}},"10":{"start":{"line":23,"column":8},"end":{"line":23,"column":27}},"11":{"start":{"line":24,"column":8},"end":{"line":24,"column":30}},"12":{"start":{"line":26,"column":8},"end":{"line":26,"column":27}},"13":{"start":{"line":29,"column":6},"end":{"line":37,"column":7}},"14":{"start":{"line":30,"column":8},"end":{"line":30,"column":30}},"15":{"start":{"line":32,"column":8},"end":{"line":32,"column":40}},"16":{"start":{"line":33,"column":8},"end":{"line":33,"column":38}},"17":{"start":{"line":34,"column":8},"end":{"line":34,"column":35}},"18":{"start":{"line":35,"column":8},"end":{"line":35,"column":40}},"19":{"start":{"line":36,"column":8},"end":{"line":36,"column":44}},"20":{"start":{"line":57,"column":2},"end":{"line":79,"column":4}},"21":{"start":{"line":63,"column":31},"end":{"line":63,"column":52}},"22":{"start":{"line":71,"column":31},"end":{"line":71,"column":44}},"23":{"start":{"line":75,"column":54},"end":{"line":75,"column":68}},"24":{"start":{"line":82,"column":15},"end":{"line":99,"column":2}}},"fnMap":{"0":{"name":"JoinSessionScreen","decl":{"start":{"line":9,"column":24},"end":{"line":9,"column":41}},"loc":{"start":{"line":9,"column":58},"end":{"line":80,"column":1}},"line":9},"1":{"name":"(anonymous_1)","decl":{"start":{"line":17,"column":23},"end":{"line":17,"column":24}},"loc":{"start":{"line":17,"column":29},"end":{"line":39,"column":3}},"line":17},"2":{"name":"(anonymous_2)","decl":{"start":{"line":63,"column":22},"end":{"line":63,"column":23}},"loc":{"start":{"line":63,"column":31},"end":{"line":63,"column":52}},"line":63},"3":{"name":"(anonymous_3)","decl":{"start":{"line":71,"column":22},"end":{"line":71,"column":23}},"loc":{"start":{"line":71,"column":31},"end":{"line":71,"column":44}},"line":71},"4":{"name":"(anonymous_4)","decl":{"start":{"line":75,"column":48},"end":{"line":75,"column":49}},"loc":{"start":{"line":75,"column":54},"end":{"line":75,"column":68}},"line":75}},"branchMap":{"0":{"loc":{"start":{"line":21,"column":4},"end":{"line":38,"column":5}},"type":"if","locations":[{"start":{"line":21,"column":4},"end":{"line":38,"column":5}},{"start":{"line":28,"column":11},"end":{"line":38,"column":5}}],"line":21},"1":{"loc":{"start":{"line":22,"column":6},"end":{"line":27,"column":7}},"type":"if","locations":[{"start":{"line":22,"column":6},"end":{"line":27,"column":7}},{"start":{"line":25,"column":13},"end":{"line":27,"column":7}}],"line":22},"2":{"loc":{"start":{"line":29,"column":6},"end":{"line":37,"column":7}},"type":"if","locations":[{"start":{"line":29,"column":6},"end":{"line":37,"column":7}},{"start":{"line":31,"column":13},"end":{"line":37,"column":7}}],"line":29}},"s":{"0":0,"1":0,"2":0,"3":0,"4":0,"5":0,"6":0,"7":0,"8":0,"9":0,"10":0,"11":0,"12":0,"13":0,"14":0,"15":0,"16":0,"17":0,"18":0,"19":0,"20":0,"21":0,"22":0,"23":0,"24":0},"f":{"0":0,"1":0,"2":0,"3":0,"4":0},"b":{"0":[0,0],"1":[0,0],"2":[0,0]}}
,"C:\\Users\\hanna\\Desktop\\Movieapp\\components\\Movie\\DetailedMovieCard.js": {"path":"C:\\Users\\hanna\\Desktop\\Movieapp\\components\\Movie\\DetailedMovieCard.js","statementMap":{"0":{"start":{"line":7,"column":21},"end":{"line":7,"column":63}},"1":{"start":{"line":7,"column":44},"end":{"line":7,"column":62}},"2":{"start":{"line":8,"column":2},"end":{"line":8,"column":21}},"3":{"start":{"line":9,"column":12},"end":{"line":9,"column":25}},"4":{"start":{"line":12,"column":2},"end":{"line":24,"column":4}},"5":{"start":{"line":26,"column":15},"end":{"line":34,"column":2}}},"fnMap":{"0":{"name":"DetailedCard","decl":{"start":{"line":6,"column":16},"end":{"line":6,"column":28}},"loc":{"start":{"line":6,"column":33},"end":{"line":25,"column":1}},"line":6},"1":{"name":"(anonymous_1)","decl":{"start":{"line":7,"column":33},"end":{"line":7,"column":34}},"loc":{"start":{"line":7,"column":44},"end":{"line":7,"column":62}},"line":7}},"branchMap":{},"s":{"0":0,"1":0,"2":0,"3":0,"4":0,"5":2},"f":{"0":0,"1":0},"b":{},"_coverageSchema":"1a1c01bbd47fc00a2c39e90264f33305004495a9","hash":"88664065023025db6f9d184819aa759729fa94eb"}
,"C:\\Users\\hanna\\Desktop\\Movieapp\\components\\Movie\\Movie.js": {"path":"C:\\Users\\hanna\\Desktop\\Movieapp\\components\\Movie\\Movie.js","statementMap":{"0":{"start":{"line":8,"column":21},"end":{"line":8,"column":63}},"1":{"start":{"line":8,"column":44},"end":{"line":8,"column":62}},"2":{"start":{"line":9,"column":12},"end":{"line":9,"column":22}},"3":{"start":{"line":10,"column":12},"end":{"line":10,"column":61}},"4":{"start":{"line":11,"column":2},"end":{"line":22,"column":4}},"5":{"start":{"line":25,"column":15},"end":{"line":31,"column":1}}},"fnMap":{"0":{"name":"Movie","decl":{"start":{"line":6,"column":9},"end":{"line":6,"column":14}},"loc":{"start":{"line":6,"column":23},"end":{"line":23,"column":1}},"line":6},"1":{"name":"(anonymous_1)","decl":{"start":{"line":8,"column":33},"end":{"line":8,"column":34}},"loc":{"start":{"line":8,"column":44},"end":{"line":8,"column":62}},"line":8}},"branchMap":{},"s":{"0":1,"1":1,"2":1,"3":1,"4":1,"5":1},"f":{"0":1,"1":1},"b":{},"_coverageSchema":"1a1c01bbd47fc00a2c39e90264f33305004495a9","hash":"40f1abad988f5a0b80f24ee3fd4c4e689976ce7f"}
,"C:\\Users\\hanna\\Desktop\\Movieapp\\components\\Movie\\RatingButtons.js": {"path":"C:\\Users\\hanna\\Desktop\\Movieapp\\components\\Movie\\RatingButtons.js","statementMap":{"0":{"start":{"line":9,"column":22},"end":{"line":9,"column":64}},"1":{"start":{"line":9,"column":45},"end":{"line":9,"column":63}},"2":{"start":{"line":10,"column":19},"end":{"line":10,"column":32}},"3":{"start":{"line":12,"column":26},"end":{"line":14,"column":3}},"4":{"start":{"line":13,"column":4},"end":{"line":13,"column":52}},"5":{"start":{"line":16,"column":2},"end":{"line":24,"column":4}},"6":{"start":{"line":19,"column":36},"end":{"line":19,"column":59}},"7":{"start":{"line":26,"column":15},"end":{"line":31,"column":2}}},"fnMap":{"0":{"name":"RatingButtons","decl":{"start":{"line":8,"column":9},"end":{"line":8,"column":22}},"loc":{"start":{"line":8,"column":31},"end":{"line":25,"column":1}},"line":8},"1":{"name":"(anonymous_1)","decl":{"start":{"line":9,"column":34},"end":{"line":9,"column":35}},"loc":{"start":{"line":9,"column":45},"end":{"line":9,"column":63}},"line":9},"2":{"name":"(anonymous_2)","decl":{"start":{"line":12,"column":26},"end":{"line":12,"column":27}},"loc":{"start":{"line":12,"column":38},"end":{"line":14,"column":3}},"line":12},"3":{"name":"(anonymous_3)","decl":{"start":{"line":19,"column":24},"end":{"line":19,"column":25}},"loc":{"start":{"line":19,"column":36},"end":{"line":19,"column":59}},"line":19}},"branchMap":{},"s":{"0":2,"1":2,"2":2,"3":2,"4":0,"5":2,"6":0,"7":2},"f":{"0":2,"1":2,"2":0,"3":0},"b":{},"_coverageSchema":"1a1c01bbd47fc00a2c39e90264f33305004495a9","hash":"758e003dd521e769bdbf532442278e92d4a0ccd6"}
,"C:\\Users\\hanna\\Desktop\\Movieapp\\components\\Movie\\ResultMovie.js": {"path":"C:\\Users\\hanna\\Desktop\\Movieapp\\components\\Movie\\ResultMovie.js","statementMap":{"0":{"start":{"line":9,"column":21},"end":{"line":9,"column":63}},"1":{"start":{"line":9,"column":44},"end":{"line":9,"column":62}},"2":{"start":{"line":11,"column":32},"end":{"line":11,"column":53}},"3":{"start":{"line":12,"column":20},"end":{"line":12,"column":42}},"4":{"start":{"line":12,"column":26},"end":{"line":12,"column":42}},"5":{"start":{"line":13,"column":20},"end":{"line":13,"column":43}},"6":{"start":{"line":13,"column":26},"end":{"line":13,"column":43}},"7":{"start":{"line":15,"column":12},"end":{"line":15,"column":25}},"8":{"start":{"line":16,"column":12},"end":{"line":16,"column":61}},"9":{"start":{"line":18,"column":2},"end":{"line":46,"column":4}},"10":{"start":{"line":49,"column":15},"end":{"line":62,"column":2}}},"fnMap":{"0":{"name":"ResultMovie","decl":{"start":{"line":8,"column":9},"end":{"line":8,"column":20}},"loc":{"start":{"line":8,"column":25},"end":{"line":47,"column":1}},"line":8},"1":{"name":"(anonymous_1)","decl":{"start":{"line":9,"column":33},"end":{"line":9,"column":34}},"loc":{"start":{"line":9,"column":44},"end":{"line":9,"column":62}},"line":9},"2":{"name":"(anonymous_2)","decl":{"start":{"line":12,"column":20},"end":{"line":12,"column":21}},"loc":{"start":{"line":12,"column":26},"end":{"line":12,"column":42}},"line":12},"3":{"name":"(anonymous_3)","decl":{"start":{"line":13,"column":20},"end":{"line":13,"column":21}},"loc":{"start":{"line":13,"column":26},"end":{"line":13,"column":43}},"line":13}},"branchMap":{},"s":{"0":1,"1":1,"2":1,"3":1,"4":0,"5":1,"6":0,"7":1,"8":1,"9":1,"10":1},"f":{"0":1,"1":1,"2":0,"3":0},"b":{},"_coverageSchema":"1a1c01bbd47fc00a2c39e90264f33305004495a9","hash":"057e2c8e91559b1c88e69aa012ea2a08d90b08eb"}
,"C:\\Users\\hanna\\Desktop\\Movieapp\\redux\\movieSlicer.js": {"path":"C:\\Users\\hanna\\Desktop\\Movieapp\\redux\\movieSlicer.js","statementMap":{"0":{"start":{"line":3,"column":21},"end":{"line":13,"column":1}},"1":{"start":{"line":15,"column":32},"end":{"line":66,"column":2}},"2":{"start":{"line":20,"column":6},"end":{"line":20,"column":39}},"3":{"start":{"line":23,"column":6},"end":{"line":23,"column":38}},"4":{"start":{"line":26,"column":6},"end":{"line":26,"column":39}},"5":{"start":{"line":29,"column":6},"end":{"line":29,"column":37}},"6":{"start":{"line":32,"column":17},"end":{"line":32,"column":34}},"7":{"start":{"line":33,"column":6},"end":{"line":37,"column":8}},"8":{"start":{"line":38,"column":6},"end":{"line":38,"column":28}},"9":{"start":{"line":41,"column":17},"end":{"line":41,"column":34}},"10":{"start":{"line":42,"column":6},"end":{"line":42,"column":48}},"11":{"start":{"line":45,"column":17},"end":{"line":45,"column":39}},"12":{"start":{"line":46,"column":6},"end":{"line":48,"column":57}},"13":{"start":{"line":51,"column":23},"end":{"line":51,"column":57}},"14":{"start":{"line":52,"column":6},"end":{"line":54,"column":9}},"15":{"start":{"line":53,"column":8},"end":{"line":53,"column":27}},"16":{"start":{"line":55,"column":6},"end":{"line":55,"column":33}},"17":{"start":{"line":60,"column":6},"end":{"line":60,"column":46}},"18":{"start":{"line":63,"column":6},"end":{"line":63,"column":30}},"19":{"start":{"line":80,"column":4},"end":{"line":80,"column":28}}},"fnMap":{"0":{"name":"(anonymous_0)","decl":{"start":{"line":19,"column":18},"end":{"line":19,"column":19}},"loc":{"start":{"line":19,"column":37},"end":{"line":21,"column":5}},"line":19},"1":{"name":"(anonymous_1)","decl":{"start":{"line":22,"column":17},"end":{"line":22,"column":18}},"loc":{"start":{"line":22,"column":36},"end":{"line":24,"column":5}},"line":22},"2":{"name":"(anonymous_2)","decl":{"start":{"line":25,"column":18},"end":{"line":25,"column":19}},"loc":{"start":{"line":25,"column":37},"end":{"line":27,"column":5}},"line":25},"3":{"name":"(anonymous_3)","decl":{"start":{"line":28,"column":16},"end":{"line":28,"column":17}},"loc":{"start":{"line":28,"column":35},"end":{"line":30,"column":5}},"line":28},"4":{"name":"(anonymous_4)","decl":{"start":{"line":31,"column":21},"end":{"line":31,"column":22}},"loc":{"start":{"line":31,"column":40},"end":{"line":39,"column":5}},"line":31},"5":{"name":"(anonymous_5)","decl":{"start":{"line":40,"column":15},"end":{"line":40,"column":16}},"loc":{"start":{"line":40,"column":34},"end":{"line":43,"column":5}},"line":40},"6":{"name":"(anonymous_6)","decl":{"start":{"line":44,"column":21},"end":{"line":44,"column":22}},"loc":{"start":{"line":44,"column":40},"end":{"line":49,"column":5}},"line":44},"7":{"name":"(anonymous_7)","decl":{"start":{"line":50,"column":22},"end":{"line":50,"column":23}},"loc":{"start":{"line":50,"column":33},"end":{"line":58,"column":5}},"line":50},"8":{"name":"(anonymous_8)","decl":{"start":{"line":52,"column":20},"end":{"line":52,"column":21}},"loc":{"start":{"line":52,"column":36},"end":{"line":54,"column":7}},"line":52},"9":{"name":"(anonymous_9)","decl":{"start":{"line":59,"column":20},"end":{"line":59,"column":21}},"loc":{"start":{"line":59,"column":39},"end":{"line":61,"column":5}},"line":59},"10":{"name":"(anonymous_10)","decl":{"start":{"line":62,"column":23},"end":{"line":62,"column":24}},"loc":{"start":{"line":62,"column":34},"end":{"line":64,"column":5}},"line":62}},"branchMap":{"0":{"loc":{"start":{"line":46,"column":31},"end":{"line":48,"column":56}},"type":"cond-expr","locations":[{"start":{"line":47,"column":10},"end":{"line":47,"column":31}},{"start":{"line":48,"column":10},"end":{"line":48,"column":56}}],"line":46}},"s":{"0":4,"1":4,"2":0,"3":0,"4":0,"5":0,"6":0,"7":0,"8":0,"9":0,"10":0,"11":0,"12":0,"13":0,"14":0,"15":0,"16":0,"17":0,"18":0,"19":4},"f":{"0":0,"1":0,"2":0,"3":0,"4":0,"5":0,"6":0,"7":0,"8":0,"9":0,"10":0},"b":{"0":[0,0]},"_coverageSchema":"1a1c01bbd47fc00a2c39e90264f33305004495a9","hash":"a1218b851e9ed3e4cab7bdc94a6f8c17c290cf40"}
,"C:\\Users\\hanna\\Desktop\\Movieapp\\redux\\store.js": {"path":"C:\\Users\\hanna\\Desktop\\Movieapp\\redux\\store.js","statementMap":{"0":{"start":{"line":4,"column":14},"end":{"line":8,"column":2}}},"fnMap":{},"branchMap":{},"s":{"0":0},"f":{},"b":{}}
,"C:\\Users\\hanna\\Desktop\\Movieapp\\styles\\colors.js": {"path":"C:\\Users\\hanna\\Desktop\\Movieapp\\styles\\colors.js","statementMap":{"0":{"start":{"line":1,"column":21},"end":{"line":1,"column":30}},"1":{"start":{"line":2,"column":21},"end":{"line":2,"column":30}},"2":{"start":{"line":3,"column":20},"end":{"line":3,"column":29}},"3":{"start":{"line":5,"column":27},"end":{"line":5,"column":36}},"4":{"start":{"line":6,"column":28},"end":{"line":6,"column":37}},"5":{"start":{"line":7,"column":26},"end":{"line":7,"column":35}},"6":{"start":{"line":8,"column":25},"end":{"line":8,"column":34}},"7":{"start":{"line":9,"column":26},"end":{"line":9,"column":35}},"8":{"start":{"line":10,"column":21},"end":{"line":10,"column":30}},"9":{"start":{"line":11,"column":27},"end":{"line":11,"column":36}},"10":{"start":{"line":12,"column":20},"end":{"line":12,"column":29}},"11":{"start":{"line":13,"column":26},"end":{"line":13,"column":35}}},"fnMap":{},"branchMap":{},"s":{"0":3,"1":3,"2":3,"3":3,"4":3,"5":3,"6":3,"7":3,"8":3,"9":3,"10":3,"11":3},"f":{},"b":{},"_coverageSchema":"1a1c01bbd47fc00a2c39e90264f33305004495a9","hash":"5451461a7b9fb7a3cc7a4a42a8eba9603cf16119"}
,"C:\\Users\\hanna\\Desktop\\Movieapp\\utils\\fetch.js": {"path":"C:\\Users\\hanna\\Desktop\\Movieapp\\utils\\fetch.js","statementMap":{"0":{"start":{"line":2,"column":2},"end":{"line":2,"column":109}},"1":{"start":{"line":5,"column":24},"end":{"line":13,"column":1}},"2":{"start":{"line":6,"column":2},"end":{"line":12,"column":3}},"3":{"start":{"line":7,"column":21},"end":{"line":7,"column":41}},"4":{"start":{"line":8,"column":17},"end":{"line":8,"column":38}},"5":{"start":{"line":9,"column":4},"end":{"line":9,"column":25}},"6":{"start":{"line":11,"column":4},"end":{"line":11,"column":23}}},"fnMap":{"0":{"name":"(anonymous_0)","decl":{"start":{"line":5,"column":24},"end":{"line":5,"column":25}},"loc":{"start":{"line":5,"column":50},"end":{"line":13,"column":1}},"line":5}},"branchMap":{},"s":{"0":0,"1":0,"2":0,"3":0,"4":0,"5":0,"6":0},"f":{"0":0},"b":{}}
,"C:\\Users\\hanna\\Desktop\\Movieapp\\utils\\movieListFixture.js": {"path":"C:\\Users\\hanna\\Desktop\\Movieapp\\utils\\movieListFixture.js","statementMap":{"0":{"start":{"line":4,"column":15},"end":{"line":29,"column":3}},"1":{"start":{"line":31,"column":27},"end":{"line":48,"column":4}}},"fnMap":{},"branchMap":{},"s":{"0":4,"1":4},"f":{},"b":{},"_coverageSchema":"1a1c01bbd47fc00a2c39e90264f33305004495a9","hash":"0f674365cd712dd9acd612d79da3ca8bff55beb0"}
}
