TN:
SF:App.js
FN:16,(anonymous_0)
FNF:1
FNH:0
FNDA:0,(anonymous_0)
DA:15,0
DA:16,0
DA:17,0
LF:3
LH:0
BRF:0
BRH:0
end_of_record
TN:
SF:databaseQueries.js
FNF:0
FNH:0
DA:5,0
LF:1
LH:0
BRF:0
BRH:0
end_of_record
TN:
SF:react-router.native.js
FNF:0
FNH:0
LF:0
LH:0
BRF:0
BRH:0
end_of_record
TN:
SF:redux\movieSlicer.js
FN:19,(anonymous_0)
FN:22,(anonymous_1)
FN:25,(anonymous_2)
FN:28,(anonymous_3)
FN:31,(anonymous_4)
FN:40,(anonymous_5)
FN:44,(anonymous_6)
FN:50,(anonymous_7)
FN:52,(anonymous_8)
FN:57,(anonymous_9)
FN:60,(anonymous_10)
FNF:11
FNH:11
FNDA:1,(anonymous_0)
FNDA:1,(anonymous_1)
FNDA:1,(anonymous_2)
FNDA:2,(anonymous_3)
FNDA:2,(anonymous_4)
FNDA:1,(anonymous_5)
FNDA:2,(anonymous_6)
FNDA:1,(anonymous_7)
FNDA:4,(anonymous_8)
FNDA:2,(anonymous_9)
FNDA:1,(anonymous_10)
DA:3,10
DA:15,10
DA:20,1
DA:23,1
DA:26,1
DA:29,2
DA:32,2
DA:33,2
DA:38,2
DA:41,1
DA:42,1
DA:45,2
DA:46,2
DA:51,1
DA:52,1
DA:53,4
DA:55,1
DA:58,2
DA:61,1
DA:62,1
DA:79,10
LF:21
LH:21
BRDA:46,0,0,1
BRDA:46,0,1,1
BRF:2
BRH:2
end_of_record
TN:
SF:redux\store.js
FNF:0
FNH:0
DA:4,0
LF:1
LH:0
BRF:0
BRH:0
end_of_record
TN:
SF:styles\colors.js
FNF:0
FNH:0
DA:1,9
DA:2,9
DA:5,9
DA:6,9
DA:8,9
DA:9,9
DA:10,9
LF:7
LH:7
BRF:0
BRH:0
end_of_record
TN:
SF:utils\fetch.js
FN:7,(anonymous_0)
FN:15,(anonymous_1)
FN:25,(anonymous_2)
FNF:3
FNH:0
FNDA:0,(anonymous_0)
FNDA:0,(anonymous_1)
FNDA:0,(anonymous_2)
DA:2,5
DA:5,5
DA:7,5
DA:8,0
DA:9,0
DA:10,0
DA:11,0
DA:12,0
DA:13,0
DA:14,0
DA:15,0
DA:16,0
DA:19,0
DA:21,0
DA:25,5
DA:26,0
DA:27,0
DA:30,0
DA:31,0
DA:33,0
LF:20
LH:4
BRF:0
BRH:0
end_of_record
TN:
SF:utils\firebase.js
FN:40,addUser
FN:47,checkIfUserExists
FN:53,addSession
FN:64,addParticipant
FN:71,getNmbOfMovies
FN:75,(anonymous_5)
FN:81,updateRatings
FN:88,getRatings
FN:91,(anonymous_8)
FNF:9
FNH:0
FNDA:0,addUser
FNDA:0,checkIfUserExists
FNDA:0,addSession
FNDA:0,addParticipant
FNDA:0,getNmbOfMovies
FNDA:0,(anonymous_5)
FNDA:0,updateRatings
FNDA:0,getRatings
FNDA:0,(anonymous_8)
DA:21,4
DA:32,4
DA:35,4
DA:37,4
DA:41,0
DA:44,0
DA:48,0
DA:49,0
DA:50,0
DA:54,0
DA:57,0
DA:60,0
DA:61,0
DA:65,0
DA:68,0
DA:72,0
DA:75,0
DA:76,0
DA:78,0
DA:82,0
DA:85,0
DA:89,0
DA:91,0
DA:92,0
DA:94,0
LF:25
LH:4
BRF:0
BRH:0
end_of_record
TN:
SF:utils\movieListFixture.js
FNF:0
FNH:0
DA:4,10
DA:16,10
DA:43,10
DA:62,10
DA:82,10
LF:5
LH:5
BRF:0
BRH:0
end_of_record
