TN:
SF:App.js
FN:16,(anonymous_0)
FNF:1
FNH:0
FNDA:0,(anonymous_0)
DA:15,0
DA:16,0
DA:17,0
LF:3
LH:0
BRF:0
BRH:0
end_of_record
TN:
SF:databaseQueries.js
FNF:0
FNH:0
DA:5,0
LF:1
LH:0
BRF:0
BRH:0
end_of_record
TN:
SF:react-router.native.js
FNF:0
FNH:0
LF:0
LH:0
BRF:0
BRH:0
end_of_record
TN:
SF:redux\movieSlicer.js
FN:18,(anonymous_0)
FN:21,(anonymous_1)
FN:24,(anonymous_2)
FN:27,(anonymous_3)
FN:36,(anonymous_4)
FN:40,(anonymous_5)
FN:46,(anonymous_6)
FN:48,(anonymous_7)
FN:55,(anonymous_8)
FN:58,(anonymous_9)
FNF:10
FNH:10
FNDA:1,(anonymous_0)
FNDA:1,(anonymous_1)
FNDA:2,(anonymous_2)
FNDA:2,(anonymous_3)
FNDA:1,(anonymous_4)
FNDA:2,(anonymous_5)
FNDA:1,(anonymous_6)
FNDA:4,(anonymous_7)
FNDA:2,(anonymous_8)
FNDA:1,(anonymous_9)
DA:3,10
DA:14,10
DA:19,1
DA:22,1
DA:25,2
DA:28,2
DA:29,2
DA:34,2
DA:37,1
DA:38,1
DA:41,2
DA:42,2
DA:47,1
DA:48,1
DA:49,4
DA:51,1
DA:56,2
DA:59,1
DA:60,1
DA:76,10
LF:20
LH:20
BRDA:42,0,0,1
BRDA:42,0,1,1
BRF:2
BRH:2
end_of_record
TN:
SF:redux\store.js
FNF:0
FNH:0
DA:4,0
LF:1
LH:0
BRF:0
BRH:0
end_of_record
TN:
SF:styles\colors.js
FNF:0
FNH:0
DA:1,9
DA:2,9
DA:5,9
DA:6,9
DA:8,9
DA:9,9
DA:10,9
LF:7
LH:7
BRF:0
BRH:0
end_of_record
TN:
SF:utils\fetch.js
FN:7,(anonymous_0)
FN:17,(anonymous_1)
FNF:2
FNH:0
FNDA:0,(anonymous_0)
FNDA:0,(anonymous_1)
DA:2,5
DA:5,5
DA:7,5
DA:8,0
DA:9,0
DA:10,0
DA:11,0
DA:13,0
DA:17,5
DA:18,0
DA:19,0
DA:22,0
DA:23,0
DA:25,0
LF:14
LH:4
BRF:0
BRH:0
end_of_record
TN:
SF:utils\firebase.js
FN:42,addUser
FN:49,checkIfUserExists
FN:55,addSession
FN:62,addParticipant
FN:70,updateRatings
FN:77,getRatings
FN:80,(anonymous_6)
FNF:7
FNH:0
FNDA:0,addUser
FNDA:0,checkIfUserExists
FNDA:0,addSession
FNDA:0,addParticipant
FNDA:0,updateRatings
FNDA:0,getRatings
FNDA:0,(anonymous_6)
DA:23,4
DA:34,4
DA:37,4
DA:39,4
DA:43,0
DA:46,0
DA:50,0
DA:51,0
DA:52,0
DA:56,0
DA:59,0
DA:63,0
DA:66,0
DA:71,0
DA:74,0
DA:78,0
DA:80,0
DA:81,0
DA:83,0
LF:19
LH:4
BRF:0
BRH:0
end_of_record
TN:
SF:utils\movieListFixture.js
FNF:0
FNH:0
DA:4,10
DA:15,10
DA:42,10
DA:60,10
DA:79,10
LF:5
LH:5
BRF:0
BRH:0
end_of_record
